build/intermediates/manifest_merge_blame_file/release/manifest-merger-blame-release-report.txt
1<?xml version="1.0" encoding="utf-8"?>
2<manifest xmlns:android="http://schemas.android.com/apk/res/android"
3    package="eeui.android.SetWallpaper" >
4
5    <uses-sdk
6        android:minSdkVersion="16"
6-->src\main\AndroidManifest.xml
7        android:targetSdkVersion="28" />
7-->src\main\AndroidManifest.xml
8
9    <application>
9-->src\main\AndroidManifest.xml:3:5-13:19
10        <provider
10-->src\main\AndroidManifest.xml:4:9-12:20
11            android:name="androidx.core.content.FileProvider"
11-->src\main\AndroidManifest.xml:5:13-62
12            android:authorities="${applicationId}.FileProvider"
12-->src\main\AndroidManifest.xml:6:13-64
13            android:exported="false"
13-->src\main\AndroidManifest.xml:7:13-37
14            android:grantUriPermissions="true" >
14-->src\main\AndroidManifest.xml:8:13-47
15            <meta-data
15-->src\main\AndroidManifest.xml:9:13-11:53
16                android:name="android.support.FILE_PROVIDER_PATHS"
16-->src\main\AndroidManifest.xml:10:17-67
17                android:resource="@xml/path_file" />
17-->src\main\AndroidManifest.xml:11:17-50
18        </provider>
19    </application>
20
21</manifest>